<?xml version="1.0" encoding="UTF-8"?>
<testsuites>
  <testsuite name="" tests="2" assertions="2" errors="0" warnings="0" failures="0" skipped="0" time="0.005661">
    <testsuite name="CodeIgniter Application Test Suite" tests="2" assertions="2" errors="0" warnings="0" failures="0" skipped="0" time="0.005661">
      <testsuite name="Main_test" file="C:\xampp\htdocs\fabelio_test\application\tests\Main_test.php" tests="1" assertions="1" errors="0" warnings="0" failures="0" skipped="0" time="0.004953">
        <testcase name="test" class="Main_test" classname="Main_test" file="C:\xampp\htdocs\fabelio_test\application\tests\Main_test.php" line="4" assertions="1" time="0.004953"/>
      </testsuite>
      <testsuite name="Welcome_test" file="C:\xampp\htdocs\fabelio_test\application\tests\controllers\Welcome_test.php" tests="1" assertions="1" errors="0" warnings="0" failures="0" skipped="0" time="0.000708">
        <testcase name="test_dummy" class="Welcome_test" classname="Welcome_test" file="C:\xampp\htdocs\fabelio_test\application\tests\controllers\Welcome_test.php" line="36" assertions="1" time="0.000708"/>
      </testsuite>
    </testsuite>
  </testsuite>
</testsuites>
